0 info it worked if it ends with ok
1 verbose cli [ 'node', '/usr/local/bin/npm', 'install', 'requirejs' ]
2 info using npm@2.3.0
3 info using node@v0.10.35
4 verbose node symlink /usr/local/bin/node
5 silly cache add args [ 'requirejs', null ]
6 verbose cache add spec requirejs
7 silly cache add parsed spec { raw: 'requirejs',
7 silly cache add   scope: null,
7 silly cache add   name: 'requirejs',
7 silly cache add   rawSpec: '',
7 silly cache add   spec: '*',
7 silly cache add   type: 'range' }
8 verbose addNamed requirejs@*
9 silly addNamed semver.valid null
10 silly addNamed semver.validRange *
11 silly addNameRange { name: 'requirejs', range: '*', hasData: false }
12 silly mapToRegistry name requirejs
13 silly mapToRegistry using default registry
14 silly mapToRegistry registry https://registry.npmjs.org/
15 silly mapToRegistry uri https://registry.npmjs.org/requirejs
16 verbose addNameRange registry:https://registry.npmjs.org/requirejs not in flight; fetching
17 verbose request uri https://registry.npmjs.org/requirejs
18 verbose request no auth needed
19 info attempt registry request try #1 at 10:39:09
20 verbose request id ae0d3f582e2f9ff9
21 http request GET https://registry.npmjs.org/requirejs
22 info retry will retry, error on last attempt: Error: getaddrinfo ENOTFOUND
23 info attempt registry request try #2 at 10:39:19
24 http request GET https://registry.npmjs.org/requirejs
25 info retry will retry, error on last attempt: Error: getaddrinfo ENOTFOUND
26 info attempt registry request try #3 at 10:40:19
27 http request GET https://registry.npmjs.org/requirejs
28 verbose stack Error: getaddrinfo ENOTFOUND
28 verbose stack     at errnoException (dns.js:37:11)
28 verbose stack     at Object.onanswer [as oncomplete] (dns.js:124:16)
29 verbose cwd /Users/theobohnen/Source/GitHub/Talks/ArDrone/node
30 error Darwin 14.0.0
31 error argv "node" "/usr/local/bin/npm" "install" "requirejs"
32 error node v0.10.35
33 error npm  v2.3.0
34 error code ENOTFOUND
35 error errno ENOTFOUND
36 error syscall getaddrinfo
37 error network getaddrinfo ENOTFOUND
37 error network This is most likely not a problem with npm itself
37 error network and is related to network connectivity.
37 error network In most cases you are behind a proxy or have bad network settings.
37 error network
37 error network If you are behind a proxy, please make sure that the
37 error network 'proxy' config is set properly.  See: 'npm help config'
38 verbose exit [ 1, true ]
